2021-09-02 22:43:43,708 [/home/jzw/workspace_seg/template_seg_jzw/main.py line:37] rank:0 INFO: cfg_file: Unet3D.yaml
2021-09-02 22:43:43,714 [/home/jzw/workspace_seg/template_seg_jzw/main.py line:56] rank:0 INFO: Running with config:

  net_name: Unet3d,
  train_dir: /home/jzw/data/LiTS/LITS17/train_image,
  train_list: /home/jzw/workspace_seg/template_jzw/datatxt/LitsSeg_train.txt,
  test_dir: /home/jzw/data/LiTS/fixed_data/,
  test_list: /home/jzw/workspace_seg/template_jzw/datatxt/LitsSeg_test.txt,
  depth: 24,
  pretrain_model: ,
  resume_model: /home/xzy/projects/BrainSeg/checkpoints/BrainSeg/Unet3D/epoch_85_model_final.pth,
  input_height: 256,
  input_width: 256,
  train_epoch: 100,
  save_every_epoch: 5,
  batch_size: 1,
  print_freq: 100,
  last_iter: -1,
  augment: true,
  sync: true,
  train_output_directory: checkpoints/LitsSeg/Unet3D,
  log_directory: logs/Unet3D,
  savedir: checkpoints/save,
  caffe_dir: checkpoints/caffe_model/LitsSeg,
  onnx_dir: checkpoints/onnx_model/LitsSeg,
  bn: sync,
  model: 
    in_channels: 1,
    out_channels: 2
  ,
  optimizer: 
    type: adam
  ,
  lr_scheduler: 
    base_lr: 0.001,
    type: STEP,
    gamma: 0.1,
    verbose: false,
    step_size: 60,
    last_epoch: -1
  ,
  loss: 
    type: bcel
  ,
  manualSeed: 5122,
  evaluate: false,
  tocaffe: false,
  toonnx: false,
  rank: 0,
  world_size: 1,
  stride: 64
